#
# A fatal error has been detected by the Java Runtime Environment:
#
#  EXCEPTION_ACCESS_VIOLATION (0xc0000005) at pc=0xffffffff, pid=5192, tid=4064
#
# JRE version: 6.0_26-b03
# Java VM: Java HotSpot(TM) Client VM (20.1-b02 mixed mode, sharing windows-x86 )
# Problematic frame:
# C  0xffffffff
#
# If you would like to submit a bug report, please visit:
#   http://java.sun.com/webapps/bugreport/crash.jsp
# The crash happened outside the Java Virtual Machine in native code.
# See problematic frame for where to report the bug.
#

---------------  T H R E A D  ---------------

Current thread (0x00209c00):  JavaThread "main" [_thread_in_native, id=4064, stack(0x024a0000,0x024f0000)]

siginfo: ExceptionCode=0xc0000005, reading address 0xffffffff

Registers:
EAX=0x006106bc, EBX=0x006106b8, ECX=0x0779e760, EDX=0x00000038
ESP=0x024edec8, EBP=0x024eef4c, ESI=0x80004004, EDI=0x00000000
EIP=0xffffffff, EFLAGS=0x00010246

Top of Stack: (sp=0x024edec8)
0x024edec8:   65404bf8 006106bc 00000000 00000001
0x024eded8:   006106b8 00000000 00000000 08ffe2f8
0x024edee8:   00000000 00000000 07768e34 00000000
0x024edef8:   08ec01c8 00000000 3c23d70a 000060ae
0x024edf08:   00005cfd 00000080 006458c8 ffff9f52
0x024edf18:   ffffa303 000128ae 0000ab13 3f800000
0x024edf28:   00000000 00000000 00000000 024edf6c
0x024edf38:   0067006f 00610072 0020006d 00690041 

Instructions: (pc=0xffffffff)
0xffffffdf:   


Register to memory mapping:

EAX=0x006106bc is an unknown value
EBX=0x006106b8 is an unknown value
ECX=0x0779e760 is an unknown value
EDX=0x00000038 is an unknown value
ESP=0x024edec8 is pointing into the stack for thread: 0x00209c00
EBP=0x024eef4c is pointing into the stack for thread: 0x00209c00
ESI=0x80004004 is an unknown value
EDI=0x00000000 is an unknown value


Stack: [0x024a0000,0x024f0000],  sp=0x024edec8,  free space=311k
Native frames: (J=compiled Java code, j=interpreted, Vv=VM code, C=native code)
C  0xffffffff
C  [ieframe.dll+0x9428c]  Ordinal162+0x2d5c
C  [ieframe.dll+0x11a644]  SetQueryNetSessionCount+0x303f
C  [ieframe.dll+0x83de9]  Ordinal153+0x4a10
C  [ieframe.dll+0x84047]  Ordinal153+0x4c6e
C  [ieframe.dll+0xf1d53]  Ordinal234+0x67a8
C  [USER32.dll+0x162fa]  gapfnScSendMessage+0x332
C  [USER32.dll+0x16d3a]  GetThreadDesktop+0xd7
C  [USER32.dll+0x177c4]  CharPrevW+0x138
C  [USER32.dll+0x1788a]  DispatchMessageW+0xf
C  [swt-win32-3721.dll+0x3b6f]  Java_org_eclipse_swt_internal_win32_OS_DispatchMessageW+0x31
J  org.eclipse.swt.internal.win32.OS.DispatchMessageW(Lorg/eclipse/swt/internal/win32/MSG;)I
J  org.eclipse.swt.widgets.Display.readAndDispatch()Z
j  chrriis.dj.nativeswing.swtimpl.core.SWTNativeInterface.main_([Ljava/lang/String;)V+1
j  chrriis.dj.nativeswing.swtimpl.NativeInterface.main([Ljava/lang/String;)V+7
v  ~StubRoutines::call_stub
V  [jvm.dll+0xfae4b]
V  [jvm.dll+0x18c531]
V  [jvm.dll+0xfaecd]
V  [jvm.dll+0x95846]
V  [jvm.dll+0x9d683]
C  [java.exe+0x2155]
C  [java.exe+0x85d4]
C  [kernel32.dll+0x1339a]  BaseThreadInitThunk+0x12
C  [ntdll.dll+0x39ed2]  RtlInitializeExceptionChain+0x63
C  [ntdll.dll+0x39ea5]  RtlInitializeExceptionChain+0x36

Java frames: (J=compiled Java code, j=interpreted, Vv=VM code)
J  org.eclipse.swt.internal.win32.OS.DispatchMessageW(Lorg/eclipse/swt/internal/win32/MSG;)I
J  org.eclipse.swt.widgets.Display.readAndDispatch()Z
j  chrriis.dj.nativeswing.swtimpl.core.SWTNativeInterface$OutProcess.runNativeSide([Ljava/lang/String;)V+522
j  chrriis.dj.nativeswing.swtimpl.core.SWTNativeInterface.main_([Ljava/lang/String;)V+1
j  chrriis.dj.nativeswing.swtimpl.NativeInterface.main([Ljava/lang/String;)V+7
v  ~StubRoutines::call_stub

---------------  P R O C E S S  ---------------

Java Threads: ( => current thread )
  0x04c85800 JavaThread "Registry cleanup thread-0" daemon [_thread_blocked, id=1048, stack(0x05b40000,0x05b90000)]
  0x025b3800 JavaThread "NativeSwing[1] SWT Receiver" daemon [_thread_in_native, id=4916, stack(0x05020000,0x05070000)]
  0x02578800 JavaThread "Low Memory Detector" daemon [_thread_blocked, id=4304, stack(0x04b30000,0x04b80000)]
  0x0256bc00 JavaThread "C1 CompilerThread0" daemon [_thread_blocked, id=5404, stack(0x04aa0000,0x04af0000)]
  0x0256ac00 JavaThread "Attach Listener" daemon [_thread_blocked, id=3368, stack(0x04a10000,0x04a60000)]
  0x02567400 JavaThread "Signal Dispatcher" daemon [_thread_blocked, id=4328, stack(0x04980000,0x049d0000)]
  0x0255ec00 JavaThread "Finalizer" daemon [_thread_blocked, id=3872, stack(0x048f0000,0x04940000)]
  0x0255d800 JavaThread "Reference Handler" daemon [_thread_blocked, id=5000, stack(0x04860000,0x048b0000)]
=>0x00209c00 JavaThread "main" [_thread_in_native, id=4064, stack(0x024a0000,0x024f0000)]

Other Threads:
  0x02520c00 VMThread [stack: 0x047d0000,0x04820000] [id=5388]
  0x0258b800 WatcherThread [stack: 0x04bc0000,0x04c10000] [id=4184]

VM state:not at safepoint (normal execution)

VM Mutex/Monitor currently owned by a thread: None

Heap
 def new generation   total 4928K, used 4049K [0x246b0000, 0x24c00000, 0x29c00000)
  eden space 4416K,  90% used [0x246b0000, 0x24a94fb8, 0x24b00000)
  from space 512K,  11% used [0x24b00000, 0x24b0f518, 0x24b80000)
  to   space 512K,   0% used [0x24b80000, 0x24b80000, 0x24c00000)
 tenured generation   total 10944K, used 298K [0x29c00000, 0x2a6b0000, 0x346b0000)
   the space 10944K,   2% used [0x29c00000, 0x29c4a9a0, 0x29c4aa00, 0x2a6b0000)
 compacting perm gen  total 12288K, used 2190K [0x346b0000, 0x352b0000, 0x386b0000)
   the space 12288K,  17% used [0x346b0000, 0x348d38b0, 0x348d3a00, 0x352b0000)
    ro space 10240K,  51% used [0x386b0000, 0x38bddff8, 0x38bde000, 0x390b0000)
    rw space 12288K,  55% used [0x390b0000, 0x3974c208, 0x3974c400, 0x39cb0000)

Code Cache  [0x02600000, 0x026b8000, 0x04600000)
 total_blobs=326 nmethods=160 adapters=102 free_code_cache=32831168 largest_free_block=0

Dynamic libraries:
0x00400000 - 0x00424000 	C:\Program Files (x86)\Java\jre6\bin\java.exe
0x77680000 - 0x77800000 	C:\Windows\SysWOW64\ntdll.dll
0x759d0000 - 0x75ae0000 	C:\Windows\syswow64\kernel32.dll
0x75240000 - 0x75286000 	C:\Windows\syswow64\KERNELBASE.dll
0x76cf0000 - 0x76d90000 	C:\Windows\syswow64\ADVAPI32.dll
0x75530000 - 0x755dc000 	C:\Windows\syswow64\msvcrt.dll
0x75300000 - 0x75319000 	C:\Windows\SysWOW64\sechost.dll
0x753b0000 - 0x754a0000 	C:\Windows\syswow64\RPCRT4.dll
0x74d70000 - 0x74dd0000 	C:\Windows\syswow64\SspiCli.dll
0x74d60000 - 0x74d6c000 	C:\Windows\syswow64\CRYPTBASE.dll
0x7c340000 - 0x7c396000 	C:\Program Files (x86)\Java\jre6\bin\msvcr71.dll
0x6d7f0000 - 0x6da9f000 	C:\Program Files (x86)\Java\jre6\bin\client\jvm.dll
0x76900000 - 0x76a00000 	C:\Windows\syswow64\USER32.dll
0x751b0000 - 0x75240000 	C:\Windows\syswow64\GDI32.dll
0x75ae0000 - 0x75aea000 	C:\Windows\syswow64\LPK.dll
0x75930000 - 0x759cd000 	C:\Windows\syswow64\USP10.dll
0x73160000 - 0x73192000 	C:\Windows\system32\WINMM.dll
0x75290000 - 0x752f0000 	C:\Windows\system32\IMM32.DLL
0x75090000 - 0x7515c000 	C:\Windows\syswow64\MSCTF.dll
0x731b0000 - 0x731fc000 	C:\Windows\system32\apphelp.dll
0x74ec0000 - 0x7501c000 	C:\Windows\syswow64\ole32.dll
0x6d7a0000 - 0x6d7ac000 	C:\Program Files (x86)\Java\jre6\bin\verify.dll
0x6d320000 - 0x6d33f000 	C:\Program Files (x86)\Java\jre6\bin\java.dll
0x77650000 - 0x77655000 	C:\Windows\system32\PSAPI.DLL
0x6d7e0000 - 0x6d7ef000 	C:\Program Files (x86)\Java\jre6\bin\zip.dll
0x6d600000 - 0x6d613000 	C:\Program Files (x86)\Java\jre6\bin\net.dll
0x75af0000 - 0x75b25000 	C:\Windows\syswow64\WS2_32.dll
0x752f0000 - 0x752f6000 	C:\Windows\syswow64\NSI.dll
0x72ed0000 - 0x72f0c000 	C:\Windows\system32\mswsock.dll
0x72eb0000 - 0x72eb6000 	C:\Windows\System32\wship6.dll
0x72ec0000 - 0x72ec5000 	C:\Windows\System32\wshtcpip.dll
0x10000000 - 0x10069000 	C:\Users\Familia Villamarin\.swt\lib\win32\x86\swt-win32-3721.dll
0x75780000 - 0x7580f000 	C:\Windows\syswow64\OLEAUT32.dll
0x754a0000 - 0x7551b000 	C:\Windows\syswow64\comdlg32.dll
0x74e60000 - 0x74eb7000 	C:\Windows\syswow64\SHLWAPI.dll
0x71d90000 - 0x71f2e000 	C:\Windows\WinSxS\x86_microsoft.windows.common-controls_6595b64144ccf1df_6.0.7601.17514_none_41e6975e2bd6f2b2\COMCTL32.dll
0x75b90000 - 0x767da000 	C:\Windows\syswow64\SHELL32.dll
0x75810000 - 0x7592a000 	C:\Windows\syswow64\WININET.dll
0x75520000 - 0x75523000 	C:\Windows\syswow64\Normaliz.dll
0x76a00000 - 0x76bb8000 	C:\Windows\syswow64\iertutil.dll
0x76bc0000 - 0x76cd0000 	C:\Windows\syswow64\urlmon.dll
0x767e0000 - 0x768fd000 	C:\Windows\syswow64\CRYPT32.dll
0x75080000 - 0x7508c000 	C:\Windows\syswow64\MSASN1.dll
0x71480000 - 0x71500000 	C:\Windows\system32\uxtheme.dll
0x71660000 - 0x71673000 	C:\Windows\system32\dwmapi.dll
0x6d000000 - 0x6d14b000 	C:\Program Files (x86)\Java\jre6\bin\awt.dll
0x726b0000 - 0x72701000 	C:\Windows\system32\WINSPOOL.DRV
0x71500000 - 0x71584000 	C:\Windows\WinSxS\x86_microsoft.windows.common-controls_6595b64144ccf1df_5.82.7601.17514_none_ec83dffa859149af\comctl32.dll
0x75320000 - 0x753a3000 	C:\Windows\syswow64\CLBCatQ.DLL
0x65370000 - 0x65cb5000 	C:\Windows\SysWOW64\ieframe.dll
0x6c960000 - 0x6c99c000 	C:\Windows\SysWOW64\OLEACC.dll
0x733d0000 - 0x733e6000 	C:\Windows\system32\CRYPTSP.dll
0x73390000 - 0x733cb000 	C:\Windows\system32\rsaenh.dll
0x6bff0000 - 0x6c04f000 	C:\Windows\system32\SXS.DLL
0x72f50000 - 0x72f5e000 	C:\Windows\system32\RpcRtRemote.dll
0x731a0000 - 0x731a8000 	C:\Windows\system32\Secur32.dll
0x732c0000 - 0x732cb000 	C:\Windows\system32\profapi.dll
0x72820000 - 0x72864000 	C:\Windows\system32\dnsapi.DLL
0x72e40000 - 0x72e5c000 	C:\Windows\system32\iphlpapi.DLL
0x72e30000 - 0x72e37000 	C:\Windows\system32\WINNSI.DLL
0x647b0000 - 0x65369000 	C:\Windows\SysWOW64\mshtml.dll
0x73530000 - 0x73539000 	C:\Windows\SysWOW64\VERSION.dll
0x647a0000 - 0x647ab000 	C:\Windows\system32\msimtf.dll
0x63da0000 - 0x63dcb000 	C:\Windows\system32\msls31.dll
0x755e0000 - 0x7577d000 	C:\Windows\syswow64\setupapi.dll
0x75050000 - 0x75077000 	C:\Windows\syswow64\CFGMGR32.dll
0x76cd0000 - 0x76ce2000 	C:\Windows\syswow64\DEVOBJ.dll
0x6aba0000 - 0x6ac5a000 	C:\Windows\system32\d2d1.dll
0x741f0000 - 0x742fa000 	C:\Windows\system32\DWrite.dll
0x6aaa0000 - 0x6ab23000 	C:\Windows\system32\dxgi.dll
0x75020000 - 0x7504d000 	C:\Windows\syswow64\WINTRUST.dll
0x6ab70000 - 0x6ab9c000 	C:\Windows\system32\d3d10_1.dll
0x6ab30000 - 0x6ab6a000 	C:\Windows\system32\d3d10_1core.dll
0x643d0000 - 0x644fc000 	C:\Windows\system32\D3D10Warp.dll
0x736b0000 - 0x736de000 	C:\Windows\system32\MLANG.dll
0x6d6c0000 - 0x6d6e7000 	C:\Program Files (x86)\Kaspersky Lab\Kaspersky Internet Security 2011\scrchpg.dll
0x645e0000 - 0x6479b000 	C:\Windows\SysWOW64\jscript9.dll
0x73480000 - 0x7351b000 	C:\Windows\WinSxS\x86_microsoft.vc80.crt_1fc8b3b9a1e18e3b_8.0.50727.4940_none_d08cc06a442b34fc\MSVCR80.dll
0x73200000 - 0x73223000 	C:\Program Files (x86)\Kaspersky Lab\Kaspersky Internet Security 2011\prremote.dll
0x733f0000 - 0x73477000 	C:\Windows\WinSxS\x86_microsoft.vc80.crt_1fc8b3b9a1e18e3b_8.0.50727.4940_none_d08cc06a442b34fc\MSVCP80.dll
0x6d630000 - 0x6d66c000 	C:\Program Files (x86)\Kaspersky Lab\Kaspersky Internet Security 2011\prloader.dll
0x732d0000 - 0x732e7000 	C:\Windows\system32\userenv.dll
0x716a0000 - 0x71795000 	C:\Windows\system32\PROPSYS.dll
0x65fa0000 - 0x660a2000 	C:\Windows\system32\d3d10.dll
0x66d40000 - 0x66d73000 	C:\Windows\system32\d3d10core.dll
0x6fd30000 - 0x6fd69000 	C:\Windows\system32\MMDevAPI.DLL
0x73fb0000 - 0x740ab000 	C:\Windows\system32\windowscodecs.dll
0x6fd00000 - 0x6fd30000 	C:\Windows\system32\wdmaud.drv
0x73b20000 - 0x73b24000 	C:\Windows\system32\ksuser.dll
0x736a0000 - 0x736a7000 	C:\Windows\system32\AVRT.dll
0x6fcc0000 - 0x6fcf6000 	C:\Windows\system32\AUDIOSES.DLL
0x72390000 - 0x72398000 	C:\Windows\system32\msacm32.drv
0x71590000 - 0x715a4000 	C:\Windows\system32\MSACM32.dll
0x715d0000 - 0x715d7000 	C:\Windows\system32\midimap.dll
0x72e60000 - 0x72e81000 	C:\Windows\system32\ntmarta.dll
0x75160000 - 0x751a5000 	C:\Windows\syswow64\WLDAP32.dll
0x72420000 - 0x72472000 	C:\Windows\system32\RASAPI32.dll
0x72400000 - 0x72415000 	C:\Windows\system32\rasman.dll
0x6ca40000 - 0x6ca4d000 	C:\Windows\system32\rtutils.dll
0x73270000 - 0x73276000 	C:\Windows\system32\sensapi.dll
0x65d60000 - 0x65d85000 	C:\Windows\system32\peerdist.dll
0x72d50000 - 0x72d6b000 	C:\Windows\system32\AUTHZ.dll
0x715f0000 - 0x71600000 	C:\Windows\system32\NLAapi.dll
0x71cb0000 - 0x71cb6000 	C:\Windows\system32\rasadhlp.dll
0x71cc0000 - 0x71ce7000 	C:\Program Files (x86)\Common Files\Microsoft Shared\Windows Live\WLIDNSP.DLL
0x71c70000 - 0x71ca8000 	C:\Windows\System32\fwpuclnt.dll
0x6b1a0000 - 0x6b1cf000 	C:\Windows\system32\XmlLite.dll
0x66e70000 - 0x66fa3000 	C:\Windows\System32\msxml3.dll
0x6c0a0000 - 0x6c0da000 	C:\Windows\SysWOW64\Dxtrans.dll
0x66fd0000 - 0x66fe4000 	C:\Windows\SysWOW64\ATL.DLL
0x003c0000 - 0x003ca000 	C:\Windows\SysWOW64\ddrawex.dll
0x6b1e0000 - 0x6b2c7000 	C:\Windows\SysWOW64\DDRAW.dll
0x003d0000 - 0x003d6000 	C:\Windows\SysWOW64\DCIMAN32.dll
0x6a450000 - 0x6a4a9000 	C:\Windows\SysWOW64\Dxtmsft.dll
0x6c060000 - 0x6c092000 	C:\Program Files (x86)\Internet Explorer\ieproxy.dll

VM Arguments:
jvm_args: -Xbootclasspath/a:C:\Program Files (x86)\Java\jre6\lib\deploy.jar;C:\Program Files (x86)\Java\jre6\lib\plugin.jar;C:\Program Files (x86)\Java\jre6\lib\javaws.jar -Dnativeswing.localhostAddress=127.0.0.1 -Djava.library.path=C:\Program Files (x86)\Java\jre6\bin;C:\Windows\Sun\Java\bin;C:\Windows\system32;C:\Windows;C:/Program Files (x86)/Java/jre6/bin/client;C:/Program Files (x86)/Java/jre6/bin;C:\Program Files\Common Files\Microsoft Shared\Windows Live;C:\Program Files (x86)\Common Files\Microsoft Shared\Windows Live;C:\Windows\system32;C:\Windows;C:\Windows\System32\Wbem;C:\Windows\System32\WindowsPowerShell\v1.0\;C:\Program Files (x86)\Windows Live\Shared;c:\Program Files (x86)\Microsoft SQL Server\90\Tools\binn\;. 
java_command: chrriis.dj.nativeswing.swtimpl.NativeInterface 1 63289
Launcher Type: SUN_STANDARD

Environment Variables:
CLASSPATH=.;.;.;.;C:\PROGRA~2\JMF21~1.1E\lib\sound.jar;C:\PROGRA~2\JMF21~1.1E\lib\jmf.jar;C:\PROGRA~2\JMF21~1.1E\lib;
PATH=C:/Program Files (x86)/Java/jre6/bin/client;C:/Program Files (x86)/Java/jre6/bin;C:\Program Files\Common Files\Microsoft Shared\Windows Live;C:\Program Files (x86)\Common Files\Microsoft Shared\Windows Live;C:\Windows\system32;C:\Windows;C:\Windows\System32\Wbem;C:\Windows\System32\WindowsPowerShell\v1.0\;C:\Program Files (x86)\Windows Live\Shared;c:\Program Files (x86)\Microsoft SQL Server\90\Tools\binn\
USERNAME=Familia Villamarin
OS=Windows_NT
PROCESSOR_IDENTIFIER=AMD64 Family 15 Model 107 Stepping 2, AuthenticAMD



---------------  S Y S T E M  ---------------

OS: Windows 7 Build 7601 Service Pack 1

CPU:total 2 (2 cores per cpu, 1 threads per core) family 15 model 107 stepping 2, cmov, cx8, fxsr, mmx, sse, sse2, sse3, mmxext, 3dnow, 3dnowext

Memory: 4k page, physical 2031032k(201316k free), swap 4062064k(928748k free)

vm_info: Java HotSpot(TM) Client VM (20.1-b02) for windows-x86 JRE (1.6.0_26-b03), built on May  4 2011 00:50:59 by "java_re" with MS VC++ 7.1 (VS2003)

time: Sun Aug 14 22:30:00 2011
elapsed time: 81 seconds

